C:\Program Files (x86)\Microsoft Visual Studio\2019\Community\MSBuild\Microsoft\VC\v160\Microsoft.CppBuild.targets(491,5): warning MSB8028: El directorio intermedio (Debug\) contiene archivos compartidos de otro proyecto (Practica5.vcxproj). Esto puede dar lugar a un comportamiento incorrecto de limpieza y recompilación.
  Camera.cpp
  DirectionalLight.cpp
C:\Users\Yann\Desktop\Proyecto1\Proyecto-CGeIHC-FI-UNAM\Proyecto-CGeIHC-FI-UNAM\DirectionalLight.cpp(18,14): warning C4244: 'argumento': conversión de 'GLfloat' a 'GLint'; posible pérdida de datos
C:\Users\Yann\Desktop\Proyecto1\Proyecto-CGeIHC-FI-UNAM\Proyecto-CGeIHC-FI-UNAM\DirectionalLight.cpp(19,14): warning C4244: 'argumento': conversión de 'GLfloat' a 'GLint'; posible pérdida de datos
C:\Users\Yann\Desktop\Proyecto1\Proyecto-CGeIHC-FI-UNAM\Proyecto-CGeIHC-FI-UNAM\DirectionalLight.cpp(21,14): warning C4244: 'argumento': conversión de 'GLfloat' a 'GLint'; posible pérdida de datos
C:\Users\Yann\Desktop\Proyecto1\Proyecto-CGeIHC-FI-UNAM\Proyecto-CGeIHC-FI-UNAM\DirectionalLight.cpp(22,14): warning C4244: 'argumento': conversión de 'GLfloat' a 'GLint'; posible pérdida de datos
  Iluminacion2021.cpp
C:\Users\Yann\Desktop\Proyecto1\Proyecto-CGeIHC-FI-UNAM\Proyecto-CGeIHC-FI-UNAM\Window.h(12,36): warning C4244: 'return': conversión de 'GLint' a 'GLfloat'; posible pérdida de datos
C:\Users\Yann\Desktop\Proyecto1\Proyecto-CGeIHC-FI-UNAM\Proyecto-CGeIHC-FI-UNAM\Window.h(13,37): warning C4244: 'return': conversión de 'GLint' a 'GLfloat'; posible pérdida de datos
C:\Users\Yann\Desktop\Proyecto1\Proyecto-CGeIHC-FI-UNAM\Proyecto-CGeIHC-FI-UNAM\Iluminacion2021.cpp(583,15): warning C4244: 'inicializando': conversión de 'double' a 'GLfloat'; posible pérdida de datos
C:\Users\Yann\Desktop\Proyecto1\Proyecto-CGeIHC-FI-UNAM\Proyecto-CGeIHC-FI-UNAM\Iluminacion2021.cpp(585,43): warning C4244: '+=': conversión de 'double' a 'GLfloat'; posible pérdida de datos
C:\Users\Yann\Desktop\Proyecto1\Proyecto-CGeIHC-FI-UNAM\Proyecto-CGeIHC-FI-UNAM\Iluminacion2021.cpp(703,16): warning C4305: '+=': truncamiento de 'double' a 'float'
C:\Users\Yann\Desktop\Proyecto1\Proyecto-CGeIHC-FI-UNAM\Proyecto-CGeIHC-FI-UNAM\Iluminacion2021.cpp(744,32): warning C4244: '-=': conversión de 'double' a 'float'; posible pérdida de datos
C:\Users\Yann\Desktop\Proyecto1\Proyecto-CGeIHC-FI-UNAM\Proyecto-CGeIHC-FI-UNAM\Iluminacion2021.cpp(749,32): warning C4244: '+=': conversión de 'double' a 'float'; posible pérdida de datos
C:\Users\Yann\Desktop\Proyecto1\Proyecto-CGeIHC-FI-UNAM\Proyecto-CGeIHC-FI-UNAM\Iluminacion2021.cpp(754,32): warning C4244: '-=': conversión de 'double' a 'float'; posible pérdida de datos
C:\Users\Yann\Desktop\Proyecto1\Proyecto-CGeIHC-FI-UNAM\Proyecto-CGeIHC-FI-UNAM\Iluminacion2021.cpp(764,32): warning C4244: '+=': conversión de 'double' a 'float'; posible pérdida de datos
  Light.cpp
  Material.cpp
  Mesh_tn.cpp
  Model.cpp
C:\Users\Yann\Desktop\Proyecto1\Proyecto-CGeIHC-FI-UNAM\Proyecto-CGeIHC-FI-UNAM\Model.cpp(16,10): warning C4477: 'printf' : la cadena de formato '%s' requiere un argumento de tipo 'char *', pero el argumento variádico 1 tiene el tipo 'const std::string'
C:\Users\Yann\Desktop\Proyecto1\Proyecto-CGeIHC-FI-UNAM\Proyecto-CGeIHC-FI-UNAM\Model.cpp(16,80): warning C4474: "printf": se pasaron demasiados argumentos para la cadena de formato
C:\Users\Yann\Desktop\Proyecto1\Proyecto-CGeIHC-FI-UNAM\Proyecto-CGeIHC-FI-UNAM\Model.cpp(16,80): message : los marcadores de posición y sus parámetros esperan 1 argumentos variádicos, pero se proporcionaron 2
C:\Users\Yann\Desktop\Proyecto1\Proyecto-CGeIHC-FI-UNAM\Proyecto-CGeIHC-FI-UNAM\Model.cpp(51,7): warning C4804: '<': uso no seguro del tipo 'bool' en la operación
C:\Users\Yann\Desktop\Proyecto1\Proyecto-CGeIHC-FI-UNAM\Proyecto-CGeIHC-FI-UNAM\Model.cpp(51,21): warning C4018: '<': no coinciden signed/unsigned
C:\Users\Yann\Desktop\Proyecto1\Proyecto-CGeIHC-FI-UNAM\Proyecto-CGeIHC-FI-UNAM\Model.cpp(138,14): warning C4477: 'printf' : la cadena de formato '%s' requiere un argumento de tipo 'char *', pero el argumento variádico 1 tiene el tipo 'std::string'
C:\Users\Yann\Desktop\Proyecto1\Proyecto-CGeIHC-FI-UNAM\Proyecto-CGeIHC-FI-UNAM\Model.cpp(147,14): warning C4477: 'printf' : la cadena de formato '%s' requiere un argumento de tipo 'char *', pero el argumento variádico 1 tiene el tipo 'std::string'
  PointLight.cpp
C:\Users\Yann\Desktop\Proyecto1\Proyecto-CGeIHC-FI-UNAM\Proyecto-CGeIHC-FI-UNAM\PointLight.cpp(28,14): warning C4244: 'argumento': conversión de 'GLfloat' a 'GLint'; posible pérdida de datos
C:\Users\Yann\Desktop\Proyecto1\Proyecto-CGeIHC-FI-UNAM\Proyecto-CGeIHC-FI-UNAM\PointLight.cpp(29,14): warning C4244: 'argumento': conversión de 'GLfloat' a 'GLint'; posible pérdida de datos
C:\Users\Yann\Desktop\Proyecto1\Proyecto-CGeIHC-FI-UNAM\Proyecto-CGeIHC-FI-UNAM\PointLight.cpp(30,14): warning C4244: 'argumento': conversión de 'GLfloat' a 'GLint'; posible pérdida de datos
C:\Users\Yann\Desktop\Proyecto1\Proyecto-CGeIHC-FI-UNAM\Proyecto-CGeIHC-FI-UNAM\PointLight.cpp(32,14): warning C4244: 'argumento': conversión de 'GLfloat' a 'GLint'; posible pérdida de datos
C:\Users\Yann\Desktop\Proyecto1\Proyecto-CGeIHC-FI-UNAM\Proyecto-CGeIHC-FI-UNAM\PointLight.cpp(33,14): warning C4244: 'argumento': conversión de 'GLfloat' a 'GLint'; posible pérdida de datos
C:\Users\Yann\Desktop\Proyecto1\Proyecto-CGeIHC-FI-UNAM\Proyecto-CGeIHC-FI-UNAM\PointLight.cpp(34,14): warning C4244: 'argumento': conversión de 'GLfloat' a 'GLint'; posible pérdida de datos
C:\Users\Yann\Desktop\Proyecto1\Proyecto-CGeIHC-FI-UNAM\Proyecto-CGeIHC-FI-UNAM\PointLight.cpp(35,14): warning C4244: 'argumento': conversión de 'GLfloat' a 'GLint'; posible pérdida de datos
  Shader_light.cpp
C:\Users\Yann\Desktop\Proyecto1\Proyecto-CGeIHC-FI-UNAM\Proyecto-CGeIHC-FI-UNAM\Shader_light.cpp(202,75): warning C4244: 'argumento': conversión de 'GLuint' a 'GLfloat'; posible pérdida de datos
C:\Users\Yann\Desktop\Proyecto1\Proyecto-CGeIHC-FI-UNAM\Proyecto-CGeIHC-FI-UNAM\Shader_light.cpp(202,26): warning C4244: 'argumento': conversión de 'GLuint' a 'GLfloat'; posible pérdida de datos
C:\Users\Yann\Desktop\Proyecto1\Proyecto-CGeIHC-FI-UNAM\Proyecto-CGeIHC-FI-UNAM\Shader_light.cpp(201,91): warning C4244: 'argumento': conversión de 'GLuint' a 'GLfloat'; posible pérdida de datos
C:\Users\Yann\Desktop\Proyecto1\Proyecto-CGeIHC-FI-UNAM\Proyecto-CGeIHC-FI-UNAM\Shader_light.cpp(201,42): warning C4244: 'argumento': conversión de 'GLuint' a 'GLfloat'; posible pérdida de datos
C:\Users\Yann\Desktop\Proyecto1\Proyecto-CGeIHC-FI-UNAM\Proyecto-CGeIHC-FI-UNAM\Shader_light.cpp(215,98): warning C4244: 'argumento': conversión de 'GLuint' a 'GLfloat'; posible pérdida de datos
C:\Users\Yann\Desktop\Proyecto1\Proyecto-CGeIHC-FI-UNAM\Proyecto-CGeIHC-FI-UNAM\Shader_light.cpp(215,62): warning C4244: 'argumento': conversión de 'GLuint' a 'GLfloat'; posible pérdida de datos
C:\Users\Yann\Desktop\Proyecto1\Proyecto-CGeIHC-FI-UNAM\Proyecto-CGeIHC-FI-UNAM\Shader_light.cpp(215,24): warning C4244: 'argumento': conversión de 'GLuint' a 'GLfloat'; posible pérdida de datos
C:\Users\Yann\Desktop\Proyecto1\Proyecto-CGeIHC-FI-UNAM\Proyecto-CGeIHC-FI-UNAM\Shader_light.cpp(214,70): warning C4244: 'argumento': conversión de 'GLuint' a 'GLfloat'; posible pérdida de datos
C:\Users\Yann\Desktop\Proyecto1\Proyecto-CGeIHC-FI-UNAM\Proyecto-CGeIHC-FI-UNAM\Shader_light.cpp(214,24): warning C4244: 'argumento': conversión de 'GLuint' a 'GLfloat'; posible pérdida de datos
C:\Users\Yann\Desktop\Proyecto1\Proyecto-CGeIHC-FI-UNAM\Proyecto-CGeIHC-FI-UNAM\Shader_light.cpp(213,88): warning C4244: 'argumento': conversión de 'GLuint' a 'GLfloat'; posible pérdida de datos
C:\Users\Yann\Desktop\Proyecto1\Proyecto-CGeIHC-FI-UNAM\Proyecto-CGeIHC-FI-UNAM\Shader_light.cpp(213,42): warning C4244: 'argumento': conversión de 'GLuint' a 'GLfloat'; posible pérdida de datos
  Skybox.cpp
  Sphere.cpp
C:\Users\Yann\Desktop\Proyecto1\Proyecto-CGeIHC-FI-UNAM\Proyecto-CGeIHC-FI-UNAM\Sphere.cpp(39,13): warning C4244: 'inicializando': conversión de 'double' a 'float'; posible pérdida de datos
C:\Users\Yann\Desktop\Proyecto1\Proyecto-CGeIHC-FI-UNAM\Proyecto-CGeIHC-FI-UNAM\Sphere.cpp(43,16): warning C4244: 'inicializando': conversión de 'double' a 'float'; posible pérdida de datos
  SpotLight.cpp
  Texture.cpp
  Window.cpp
C:\Users\Yann\Desktop\Proyecto1\Proyecto-CGeIHC-FI-UNAM\Proyecto-CGeIHC-FI-UNAM\Window.h(12,36): warning C4244: 'return': conversión de 'GLint' a 'GLfloat'; posible pérdida de datos
C:\Users\Yann\Desktop\Proyecto1\Proyecto-CGeIHC-FI-UNAM\Proyecto-CGeIHC-FI-UNAM\Window.h(13,37): warning C4244: 'return': conversión de 'GLint' a 'GLfloat'; posible pérdida de datos
C:\Users\Yann\Desktop\Proyecto1\Proyecto-CGeIHC-FI-UNAM\Proyecto-CGeIHC-FI-UNAM\Window.cpp(160,22): warning C4244: '=': conversión de 'double' a 'GLfloat'; posible pérdida de datos
C:\Users\Yann\Desktop\Proyecto1\Proyecto-CGeIHC-FI-UNAM\Proyecto-CGeIHC-FI-UNAM\Window.cpp(161,22): warning C4244: '=': conversión de 'double' a 'GLfloat'; posible pérdida de datos
C:\Users\Yann\Desktop\Proyecto1\Proyecto-CGeIHC-FI-UNAM\Proyecto-CGeIHC-FI-UNAM\Window.cpp(165,28): warning C4244: '=': conversión de 'double' a 'GLfloat'; posible pérdida de datos
C:\Users\Yann\Desktop\Proyecto1\Proyecto-CGeIHC-FI-UNAM\Proyecto-CGeIHC-FI-UNAM\Window.cpp(166,40): warning C4244: '=': conversión de 'double' a 'GLfloat'; posible pérdida de datos
C:\Users\Yann\Desktop\Proyecto1\Proyecto-CGeIHC-FI-UNAM\Proyecto-CGeIHC-FI-UNAM\Window.cpp(168,21): warning C4244: '=': conversión de 'double' a 'GLfloat'; posible pérdida de datos
C:\Users\Yann\Desktop\Proyecto1\Proyecto-CGeIHC-FI-UNAM\Proyecto-CGeIHC-FI-UNAM\Window.cpp(169,21): warning C4244: '=': conversión de 'double' a 'GLfloat'; posible pérdida de datos
  Generando código...
C:\Users\Yann\Desktop\Proyecto1\Proyecto-CGeIHC-FI-UNAM\Proyecto-CGeIHC-FI-UNAM\Window.cpp(77): warning C4715: 'Window::Initialise': no todas las rutas de acceso de control devuelven un valor
LINK : warning LNK4098: la biblioteca predeterminada'MSVCRT' entra en conflicto con otras bibliotecas; use la biblioteca /NODEFAULTLIB:biblioteca
  Proyecto-CGeIHC-FI-UNAM.vcxproj -> C:\Users\Yann\Desktop\Proyecto1\Proyecto-CGeIHC-FI-UNAM\Debug\Proyecto-CGeIHC-FI-UNAM.exe
