  Camera.cpp
C:\Users\Yann\Desktop\Practica6\Camera.h(3,10): fatal error C1083: No se puede abrir el archivo incluir: 'glew.h': No such file or directory
  CargaModelos.cpp
C:\Users\Yann\Desktop\Practica6\CargaModelos.cpp(15,10): fatal error C1083: No se puede abrir el archivo incluir: 'glew.h': No such file or directory
  DirectionalLight.cpp
C:\Users\Yann\Desktop\Practica6\Light.h(3,10): fatal error C1083: No se puede abrir el archivo incluir: 'glew.h': No such file or directory
  Light.cpp
C:\Users\Yann\Desktop\Practica6\Light.h(3,10): fatal error C1083: No se puede abrir el archivo incluir: 'glew.h': No such file or directory
  Material.cpp
C:\Users\Yann\Desktop\Practica6\Material.h(3,10): fatal error C1083: No se puede abrir el archivo incluir: 'glew.h': No such file or directory
  Mesh_tn.cpp
C:\Users\Yann\Desktop\Practica6\Mesh.h(3,10): fatal error C1083: No se puede abrir el archivo incluir: 'glew.h': No such file or directory
  Model.cpp
C:\Users\Yann\Desktop\Practica6\Model.h(4,9): fatal error C1083: No se puede abrir el archivo incluir: 'assimp/Importer.hpp': No such file or directory
  PointLight.cpp
C:\Users\Yann\Desktop\Practica6\Light.h(3,10): fatal error C1083: No se puede abrir el archivo incluir: 'glew.h': No such file or directory
  Shader_light.cpp
C:\Users\Yann\Desktop\Practica6\Shader_light.h(7,10): fatal error C1083: No se puede abrir el archivo incluir: 'glew.h': No such file or directory
  Skybox.cpp
C:\Users\Yann\Desktop\Practica6\Skybox.h(6,9): fatal error C1083: No se puede abrir el archivo incluir: 'glew.h': No such file or directory
  Sphere.cpp
C:\Users\Yann\Desktop\Practica6\definition.h(11,10): fatal error C1083: No se puede abrir el archivo incluir: 'glm.hpp': No such file or directory
  SpotLight.cpp
C:\Users\Yann\Desktop\Practica6\Light.h(3,10): fatal error C1083: No se puede abrir el archivo incluir: 'glew.h': No such file or directory
  Texture.cpp
C:\Users\Yann\Desktop\Practica6\Texture.h(2,9): fatal error C1083: No se puede abrir el archivo incluir: 'glew.h': No such file or directory
  Window.cpp
C:\Users\Yann\Desktop\Practica6\Window.h(3,9): fatal error C1083: No se puede abrir el archivo incluir: 'glew.h': No such file or directory
  Generando código...
