C:\Program Files (x86)\Microsoft Visual Studio\2019\Community\MSBuild\Microsoft\VC\v160\Microsoft.CppBuild.targets(491,5): warning MSB8028: El directorio intermedio (x64\Debug\) contiene archivos compartidos de otro proyecto (Project1.vcxproj). Esto puede dar lugar a un comportamiento incorrecto de limpieza y recompilación.
  Camera.cpp
C:\Users\Yann\Desktop\Proyecto1\Proyecto-CGeIHC-FI-UNAM\Proyecto-CGeIHC-FI-UNAM\Camera.h(3,10): fatal error C1083: No se puede abrir el archivo incluir: 'glew.h': No such file or directory
  DirectionalLight.cpp
C:\Users\Yann\Desktop\Proyecto1\Proyecto-CGeIHC-FI-UNAM\Proyecto-CGeIHC-FI-UNAM\Light.h(3,10): fatal error C1083: No se puede abrir el archivo incluir: 'glew.h': No such file or directory
  Iluminacion2021.cpp
C:\Users\Yann\Desktop\Proyecto1\Proyecto-CGeIHC-FI-UNAM\Proyecto-CGeIHC-FI-UNAM\Iluminacion2021.cpp(15,10): fatal error C1083: No se puede abrir el archivo incluir: 'glew.h': No such file or directory
  Light.cpp
C:\Users\Yann\Desktop\Proyecto1\Proyecto-CGeIHC-FI-UNAM\Proyecto-CGeIHC-FI-UNAM\Light.h(3,10): fatal error C1083: No se puede abrir el archivo incluir: 'glew.h': No such file or directory
  Material.cpp
C:\Users\Yann\Desktop\Proyecto1\Proyecto-CGeIHC-FI-UNAM\Proyecto-CGeIHC-FI-UNAM\Material.h(3,10): fatal error C1083: No se puede abrir el archivo incluir: 'glew.h': No such file or directory
  Mesh_tn.cpp
C:\Users\Yann\Desktop\Proyecto1\Proyecto-CGeIHC-FI-UNAM\Proyecto-CGeIHC-FI-UNAM\Mesh.h(3,10): fatal error C1083: No se puede abrir el archivo incluir: 'glew.h': No such file or directory
  Model.cpp
C:\Users\Yann\Desktop\Proyecto1\Proyecto-CGeIHC-FI-UNAM\Proyecto-CGeIHC-FI-UNAM\Model.h(4,9): fatal error C1083: No se puede abrir el archivo incluir: 'assimp/Importer.hpp': No such file or directory
  PointLight.cpp
C:\Users\Yann\Desktop\Proyecto1\Proyecto-CGeIHC-FI-UNAM\Proyecto-CGeIHC-FI-UNAM\Light.h(3,10): fatal error C1083: No se puede abrir el archivo incluir: 'glew.h': No such file or directory
  Shader_light.cpp
C:\Users\Yann\Desktop\Proyecto1\Proyecto-CGeIHC-FI-UNAM\Proyecto-CGeIHC-FI-UNAM\Shader_light.h(7,10): fatal error C1083: No se puede abrir el archivo incluir: 'glew.h': No such file or directory
  Skybox.cpp
C:\Users\Yann\Desktop\Proyecto1\Proyecto-CGeIHC-FI-UNAM\Proyecto-CGeIHC-FI-UNAM\Skybox.h(6,9): fatal error C1083: No se puede abrir el archivo incluir: 'glew.h': No such file or directory
  Sphere.cpp
C:\Users\Yann\Desktop\Proyecto1\Proyecto-CGeIHC-FI-UNAM\Proyecto-CGeIHC-FI-UNAM\definition.h(11,10): fatal error C1083: No se puede abrir el archivo incluir: 'glm.hpp': No such file or directory
  SpotLight.cpp
C:\Users\Yann\Desktop\Proyecto1\Proyecto-CGeIHC-FI-UNAM\Proyecto-CGeIHC-FI-UNAM\Light.h(3,10): fatal error C1083: No se puede abrir el archivo incluir: 'glew.h': No such file or directory
  Texture.cpp
C:\Users\Yann\Desktop\Proyecto1\Proyecto-CGeIHC-FI-UNAM\Proyecto-CGeIHC-FI-UNAM\Texture.h(2,9): fatal error C1083: No se puede abrir el archivo incluir: 'glew.h': No such file or directory
  Window.cpp
C:\Users\Yann\Desktop\Proyecto1\Proyecto-CGeIHC-FI-UNAM\Proyecto-CGeIHC-FI-UNAM\Window.h(3,9): fatal error C1083: No se puede abrir el archivo incluir: 'glew.h': No such file or directory
  Generando código...
